{"/Users/farhadlafarie/IIT/Year 2/SDGP-AIducator/server/server.js": {"path":"/Users/farhadlafarie/IIT/Year 2/SDGP-AIducator/server/server.js","statementMap":{"0":{"start":{"line":7,"column":16},"end":{"line":7,"column":34}},"1":{"start":{"line":8,"column":19},"end":{"line":8,"column":41}},"2":{"start":{"line":9,"column":15},"end":{"line":9,"column":32}},"3":{"start":{"line":10,"column":15},"end":{"line":10,"column":32}},"4":{"start":{"line":11,"column":12},"end":{"line":11,"column":29}},"5":{"start":{"line":14,"column":0},"end":{"line":14,"column":16}},"6":{"start":{"line":16,"column":19},"end":{"line":31,"column":5}},"7":{"start":{"line":33,"column":24},"end":{"line":35,"column":163}},"8":{"start":{"line":37,"column":22},"end":{"line":37,"column":61}},"9":{"start":{"line":39,"column":15},"end":{"line":41,"column":2}},"10":{"start":{"line":43,"column":19},"end":{"line":48,"column":2}},"11":{"start":{"line":52,"column":17},"end":{"line":52,"column":43}},"12":{"start":{"line":53,"column":2},"end":{"line":55,"column":5}},"13":{"start":{"line":54,"column":4},"end":{"line":54,"column":23}},"14":{"start":{"line":54,"column":13},"end":{"line":54,"column":23}},"15":{"start":{"line":57,"column":0},"end":{"line":57,"column":27}},"16":{"start":{"line":59,"column":0},"end":{"line":65,"column":3}},"17":{"start":{"line":60,"column":2},"end":{"line":64,"column":3}},"18":{"start":{"line":63,"column":4},"end":{"line":63,"column":29}},"19":{"start":{"line":67,"column":16},"end":{"line":69,"column":22}},"20":{"start":{"line":71,"column":17},"end":{"line":77,"column":3}},"21":{"start":{"line":79,"column":18},"end":{"line":90,"column":3}},"22":{"start":{"line":92,"column":16},"end":{"line":101,"column":3}},"23":{"start":{"line":103,"column":20},"end":{"line":111,"column":3}},"24":{"start":{"line":113,"column":22},"end":{"line":121,"column":3}},"25":{"start":{"line":124,"column":2},"end":{"line":129,"column":41}},"26":{"start":{"line":131,"column":17},"end":{"line":136,"column":46}},"27":{"start":{"line":139,"column":16},"end":{"line":154,"column":6}},"28":{"start":{"line":156,"column":0},"end":{"line":166,"column":3}},"29":{"start":{"line":157,"column":2},"end":{"line":165,"column":3}},"30":{"start":{"line":158,"column":4},"end":{"line":162,"column":5}},"31":{"start":{"line":159,"column":6},"end":{"line":159,"column":80}},"32":{"start":{"line":161,"column":6},"end":{"line":161,"column":23}},"33":{"start":{"line":164,"column":4},"end":{"line":164,"column":35}},"34":{"start":{"line":168,"column":0},"end":{"line":168,"column":51}},"35":{"start":{"line":170,"column":20},"end":{"line":187,"column":1}},"36":{"start":{"line":171,"column":2},"end":{"line":186,"column":5}},"37":{"start":{"line":172,"column":4},"end":{"line":185,"column":7}},"38":{"start":{"line":173,"column":6},"end":{"line":184,"column":7}},"39":{"start":{"line":174,"column":8},"end":{"line":180,"column":9}},"40":{"start":{"line":176,"column":10},"end":{"line":176,"column":20}},"41":{"start":{"line":178,"column":10},"end":{"line":178,"column":67}},"42":{"start":{"line":179,"column":10},"end":{"line":179,"column":22}},"43":{"start":{"line":182,"column":8},"end":{"line":182,"column":63}},"44":{"start":{"line":183,"column":8},"end":{"line":183,"column":18}},"45":{"start":{"line":189,"column":23},"end":{"line":201,"column":1}},"46":{"start":{"line":190,"column":2},"end":{"line":200,"column":5}},"47":{"start":{"line":191,"column":4},"end":{"line":199,"column":7}},"48":{"start":{"line":192,"column":6},"end":{"line":198,"column":7}},"49":{"start":{"line":193,"column":8},"end":{"line":193,"column":55}},"50":{"start":{"line":194,"column":8},"end":{"line":194,"column":20}},"51":{"start":{"line":196,"column":8},"end":{"line":196,"column":58}},"52":{"start":{"line":197,"column":8},"end":{"line":197,"column":18}},"53":{"start":{"line":203,"column":0},"end":{"line":213,"column":5}},"54":{"start":{"line":204,"column":14},"end":{"line":204,"column":43}},"55":{"start":{"line":205,"column":14},"end":{"line":205,"column":45}},"56":{"start":{"line":206,"column":14},"end":{"line":206,"column":47}},"57":{"start":{"line":207,"column":14},"end":{"line":207,"column":43}},"58":{"start":{"line":208,"column":14},"end":{"line":208,"column":58}},"59":{"start":{"line":209,"column":14},"end":{"line":209,"column":55}},"60":{"start":{"line":210,"column":14},"end":{"line":210,"column":49}},"61":{"start":{"line":212,"column":4},"end":{"line":212,"column":45}},"62":{"start":{"line":218,"column":21},"end":{"line":221,"column":4}},"63":{"start":{"line":222,"column":2},"end":{"line":222,"column":31}},"64":{"start":{"line":226,"column":14},"end":{"line":226,"column":15}},"65":{"start":{"line":227,"column":2},"end":{"line":231,"column":5}},"66":{"start":{"line":228,"column":4},"end":{"line":230,"column":5}},"67":{"start":{"line":229,"column":6},"end":{"line":229,"column":14}},"68":{"start":{"line":233,"column":2},"end":{"line":237,"column":3}},"69":{"start":{"line":234,"column":4},"end":{"line":234,"column":16}},"70":{"start":{"line":236,"column":4},"end":{"line":236,"column":17}},"71":{"start":{"line":243,"column":2},"end":{"line":261,"column":4}},"72":{"start":{"line":244,"column":20},"end":{"line":244,"column":73}},"73":{"start":{"line":245,"column":21},"end":{"line":245,"column":23}},"74":{"start":{"line":247,"column":4},"end":{"line":260,"column":6}},"75":{"start":{"line":248,"column":6},"end":{"line":259,"column":7}},"76":{"start":{"line":249,"column":8},"end":{"line":249,"column":26}},"77":{"start":{"line":250,"column":8},"end":{"line":250,"column":19}},"78":{"start":{"line":252,"column":8},"end":{"line":257,"column":11}},"79":{"start":{"line":253,"column":24},"end":{"line":253,"column":48}},"80":{"start":{"line":254,"column":10},"end":{"line":256,"column":11}},"81":{"start":{"line":255,"column":12},"end":{"line":255,"column":70}},"82":{"start":{"line":258,"column":8},"end":{"line":258,"column":28}},"83":{"start":{"line":265,"column":0},"end":{"line":273,"column":3}},"84":{"start":{"line":266,"column":2},"end":{"line":272,"column":3}},"85":{"start":{"line":267,"column":4},"end":{"line":269,"column":5}},"86":{"start":{"line":271,"column":4},"end":{"line":271,"column":57}},"87":{"start":{"line":275,"column":19},"end":{"line":275,"column":61}},"88":{"start":{"line":277,"column":0},"end":{"line":296,"column":2}},"89":{"start":{"line":278,"column":2},"end":{"line":295,"column":3}},"90":{"start":{"line":279,"column":4},"end":{"line":279,"column":22}},"91":{"start":{"line":281,"column":18},"end":{"line":281,"column":34}},"92":{"start":{"line":282,"column":4},"end":{"line":282,"column":23}},"93":{"start":{"line":284,"column":4},"end":{"line":294,"column":5}},"94":{"start":{"line":285,"column":6},"end":{"line":291,"column":9}},"95":{"start":{"line":286,"column":8},"end":{"line":290,"column":9}},"96":{"start":{"line":287,"column":10},"end":{"line":287,"column":47}},"97":{"start":{"line":289,"column":10},"end":{"line":289,"column":50}},"98":{"start":{"line":293,"column":6},"end":{"line":293,"column":42}},"99":{"start":{"line":299,"column":21},"end":{"line":305,"column":4}},"100":{"start":{"line":306,"column":2},"end":{"line":306,"column":31}},"101":{"start":{"line":310,"column":15},"end":{"line":310,"column":37}},"102":{"start":{"line":311,"column":18},"end":{"line":311,"column":20}},"103":{"start":{"line":312,"column":2},"end":{"line":316,"column":4}},"104":{"start":{"line":313,"column":4},"end":{"line":315,"column":5}},"105":{"start":{"line":314,"column":6},"end":{"line":314,"column":30}},"106":{"start":{"line":319,"column":10},"end":{"line":319,"column":23}},"107":{"start":{"line":321,"column":0},"end":{"line":321,"column":27}},"108":{"start":{"line":323,"column":0},"end":{"line":357,"column":3}},"109":{"start":{"line":324,"column":2},"end":{"line":324,"column":31}},"110":{"start":{"line":325,"column":2},"end":{"line":356,"column":3}},"111":{"start":{"line":326,"column":4},"end":{"line":326,"column":92}},"112":{"start":{"line":328,"column":4},"end":{"line":355,"column":6}},"113":{"start":{"line":332,"column":24},"end":{"line":332,"column":39}},"114":{"start":{"line":333,"column":6},"end":{"line":354,"column":7}},"115":{"start":{"line":334,"column":24},"end":{"line":334,"column":45}},"116":{"start":{"line":335,"column":19},"end":{"line":335,"column":47}},"117":{"start":{"line":336,"column":21},"end":{"line":336,"column":46}},"118":{"start":{"line":337,"column":25},"end":{"line":337,"column":45}},"119":{"start":{"line":338,"column":24},"end":{"line":338,"column":26}},"120":{"start":{"line":339,"column":8},"end":{"line":342,"column":11}},"121":{"start":{"line":340,"column":24},"end":{"line":340,"column":52}},"122":{"start":{"line":341,"column":10},"end":{"line":341,"column":33}},"123":{"start":{"line":343,"column":8},"end":{"line":343,"column":31}},"124":{"start":{"line":344,"column":25},"end":{"line":348,"column":10}},"125":{"start":{"line":345,"column":10},"end":{"line":345,"column":24}},"126":{"start":{"line":347,"column":10},"end":{"line":347,"column":29}},"127":{"start":{"line":349,"column":8},"end":{"line":349,"column":31}},"128":{"start":{"line":350,"column":8},"end":{"line":350,"column":124}},"129":{"start":{"line":352,"column":18},"end":{"line":352,"column":59}},"130":{"start":{"line":353,"column":8},"end":{"line":353,"column":62}},"131":{"start":{"line":359,"column":0},"end":{"line":384,"column":3}},"132":{"start":{"line":360,"column":2},"end":{"line":360,"column":31}},"133":{"start":{"line":361,"column":2},"end":{"line":383,"column":4}},"134":{"start":{"line":365,"column":6},"end":{"line":381,"column":7}},"135":{"start":{"line":366,"column":8},"end":{"line":366,"column":25}},"136":{"start":{"line":367,"column":8},"end":{"line":367,"column":70}},"137":{"start":{"line":369,"column":8},"end":{"line":369,"column":29}},"138":{"start":{"line":370,"column":8},"end":{"line":380,"column":10}},"139":{"start":{"line":374,"column":12},"end":{"line":378,"column":13}},"140":{"start":{"line":375,"column":14},"end":{"line":375,"column":35}},"141":{"start":{"line":377,"column":14},"end":{"line":377,"column":72}},"142":{"start":{"line":386,"column":0},"end":{"line":397,"column":3}},"143":{"start":{"line":387,"column":2},"end":{"line":396,"column":4}},"144":{"start":{"line":390,"column":6},"end":{"line":394,"column":7}},"145":{"start":{"line":391,"column":8},"end":{"line":391,"column":47}},"146":{"start":{"line":393,"column":8},"end":{"line":393,"column":44}},"147":{"start":{"line":399,"column":0},"end":{"line":412,"column":3}},"148":{"start":{"line":400,"column":17},"end":{"line":400,"column":34}},"149":{"start":{"line":401,"column":2},"end":{"line":401,"column":24}},"150":{"start":{"line":402,"column":20},"end":{"line":402,"column":70}},"151":{"start":{"line":403,"column":2},"end":{"line":411,"column":5}},"152":{"start":{"line":404,"column":4},"end":{"line":410,"column":5}},"153":{"start":{"line":405,"column":6},"end":{"line":405,"column":61}},"154":{"start":{"line":406,"column":6},"end":{"line":406,"column":51}},"155":{"start":{"line":408,"column":6},"end":{"line":408,"column":48}},"156":{"start":{"line":409,"column":6},"end":{"line":409,"column":38}},"157":{"start":{"line":414,"column":0},"end":{"line":426,"column":3}},"158":{"start":{"line":415,"column":2},"end":{"line":415,"column":35}},"159":{"start":{"line":416,"column":2},"end":{"line":425,"column":4}},"160":{"start":{"line":419,"column":6},"end":{"line":423,"column":7}},"161":{"start":{"line":420,"column":8},"end":{"line":420,"column":61}},"162":{"start":{"line":422,"column":8},"end":{"line":422,"column":50}},"163":{"start":{"line":428,"column":0},"end":{"line":448,"column":3}},"164":{"start":{"line":429,"column":14},"end":{"line":429,"column":31}},"165":{"start":{"line":433,"column":2},"end":{"line":438,"column":3}},"166":{"start":{"line":434,"column":4},"end":{"line":435,"column":249}},"167":{"start":{"line":437,"column":4},"end":{"line":437,"column":280}},"168":{"start":{"line":440,"column":2},"end":{"line":447,"column":5}},"169":{"start":{"line":441,"column":4},"end":{"line":446,"column":5}},"170":{"start":{"line":442,"column":6},"end":{"line":442,"column":51}},"171":{"start":{"line":443,"column":6},"end":{"line":443,"column":65}},"172":{"start":{"line":445,"column":6},"end":{"line":445,"column":36}},"173":{"start":{"line":450,"column":0},"end":{"line":479,"column":3}},"174":{"start":{"line":451,"column":16},"end":{"line":451,"column":33}},"175":{"start":{"line":455,"column":2},"end":{"line":470,"column":18}},"176":{"start":{"line":471,"column":2},"end":{"line":478,"column":5}},"177":{"start":{"line":472,"column":4},"end":{"line":477,"column":5}},"178":{"start":{"line":473,"column":6},"end":{"line":473,"column":51}},"179":{"start":{"line":474,"column":6},"end":{"line":474,"column":65}},"180":{"start":{"line":476,"column":6},"end":{"line":476,"column":36}},"181":{"start":{"line":481,"column":0},"end":{"line":517,"column":3}},"182":{"start":{"line":482,"column":15},"end":{"line":482,"column":33}},"183":{"start":{"line":484,"column":14},"end":{"line":507,"column":1}},"184":{"start":{"line":509,"column":2},"end":{"line":516,"column":5}},"185":{"start":{"line":510,"column":4},"end":{"line":515,"column":5}},"186":{"start":{"line":511,"column":6},"end":{"line":511,"column":51}},"187":{"start":{"line":512,"column":6},"end":{"line":512,"column":65}},"188":{"start":{"line":514,"column":6},"end":{"line":514,"column":36}},"189":{"start":{"line":519,"column":0},"end":{"line":555,"column":3}},"190":{"start":{"line":520,"column":15},"end":{"line":520,"column":33}},"191":{"start":{"line":523,"column":16},"end":{"line":545,"column":11}},"192":{"start":{"line":547,"column":2},"end":{"line":554,"column":5}},"193":{"start":{"line":548,"column":4},"end":{"line":553,"column":5}},"194":{"start":{"line":549,"column":6},"end":{"line":549,"column":51}},"195":{"start":{"line":550,"column":6},"end":{"line":550,"column":65}},"196":{"start":{"line":552,"column":6},"end":{"line":552,"column":36}},"197":{"start":{"line":557,"column":0},"end":{"line":571,"column":3}},"198":{"start":{"line":558,"column":2},"end":{"line":570,"column":3}},"199":{"start":{"line":559,"column":20},"end":{"line":559,"column":39}},"200":{"start":{"line":560,"column":27},"end":{"line":560,"column":44}},"201":{"start":{"line":561,"column":16},"end":{"line":561,"column":70}},"202":{"start":{"line":564,"column":19},"end":{"line":564,"column":81}},"203":{"start":{"line":566,"column":4},"end":{"line":566,"column":56}},"204":{"start":{"line":568,"column":4},"end":{"line":568,"column":49}},"205":{"start":{"line":569,"column":4},"end":{"line":569,"column":63}},"206":{"start":{"line":574,"column":0},"end":{"line":597,"column":3}},"207":{"start":{"line":575,"column":16},"end":{"line":575,"column":33}},"208":{"start":{"line":576,"column":15},"end":{"line":576,"column":31}},"209":{"start":{"line":577,"column":14},"end":{"line":577,"column":29}},"210":{"start":{"line":578,"column":16},"end":{"line":578,"column":33}},"211":{"start":{"line":579,"column":12},"end":{"line":579,"column":26}},"212":{"start":{"line":580,"column":2},"end":{"line":580,"column":22}},"213":{"start":{"line":584,"column":2},"end":{"line":585,"column":51}},"214":{"start":{"line":587,"column":2},"end":{"line":596,"column":4}},"215":{"start":{"line":591,"column":6},"end":{"line":594,"column":7}},"216":{"start":{"line":592,"column":8},"end":{"line":592,"column":53}},"217":{"start":{"line":593,"column":8},"end":{"line":593,"column":67}},"218":{"start":{"line":599,"column":0},"end":{"line":616,"column":3}},"219":{"start":{"line":600,"column":15},"end":{"line":600,"column":31}},"220":{"start":{"line":601,"column":17},"end":{"line":601,"column":35}},"221":{"start":{"line":602,"column":16},"end":{"line":602,"column":33}},"222":{"start":{"line":603,"column":12},"end":{"line":603,"column":26}},"223":{"start":{"line":608,"column":2},"end":{"line":608,"column":119}},"224":{"start":{"line":610,"column":2},"end":{"line":615,"column":5}},"225":{"start":{"line":611,"column":4},"end":{"line":614,"column":5}},"226":{"start":{"line":612,"column":6},"end":{"line":612,"column":51}},"227":{"start":{"line":613,"column":6},"end":{"line":613,"column":65}},"228":{"start":{"line":618,"column":0},"end":{"line":641,"column":3}},"229":{"start":{"line":619,"column":12},"end":{"line":619,"column":24}},"230":{"start":{"line":620,"column":17},"end":{"line":620,"column":34}},"231":{"start":{"line":624,"column":14},"end":{"line":624,"column":52}},"232":{"start":{"line":626,"column":2},"end":{"line":640,"column":5}},"233":{"start":{"line":627,"column":4},"end":{"line":639,"column":5}},"234":{"start":{"line":628,"column":24},"end":{"line":628,"column":72}},"235":{"start":{"line":629,"column":6},"end":{"line":636,"column":9}},"236":{"start":{"line":630,"column":8},"end":{"line":635,"column":9}},"237":{"start":{"line":631,"column":10},"end":{"line":631,"column":55}},"238":{"start":{"line":632,"column":10},"end":{"line":632,"column":69}},"239":{"start":{"line":634,"column":10},"end":{"line":634,"column":61}},"240":{"start":{"line":638,"column":6},"end":{"line":638,"column":51}},"241":{"start":{"line":643,"column":0},"end":{"line":679,"column":3}},"242":{"start":{"line":644,"column":15},"end":{"line":644,"column":31}},"243":{"start":{"line":645,"column":15},"end":{"line":645,"column":31}},"244":{"start":{"line":646,"column":17},"end":{"line":646,"column":35}},"245":{"start":{"line":648,"column":19},"end":{"line":648,"column":101}},"246":{"start":{"line":649,"column":2},"end":{"line":678,"column":5}},"247":{"start":{"line":650,"column":4},"end":{"line":677,"column":5}},"248":{"start":{"line":651,"column":6},"end":{"line":651,"column":56}},"249":{"start":{"line":652,"column":6},"end":{"line":652,"column":65}},"250":{"start":{"line":654,"column":6},"end":{"line":676,"column":7}},"251":{"start":{"line":656,"column":26},"end":{"line":656,"column":159}},"252":{"start":{"line":657,"column":8},"end":{"line":664,"column":11}},"253":{"start":{"line":658,"column":10},"end":{"line":663,"column":11}},"254":{"start":{"line":659,"column":12},"end":{"line":659,"column":63}},"255":{"start":{"line":660,"column":12},"end":{"line":660,"column":71}},"256":{"start":{"line":662,"column":12},"end":{"line":662,"column":68}},"257":{"start":{"line":667,"column":26},"end":{"line":667,"column":130}},"258":{"start":{"line":668,"column":8},"end":{"line":675,"column":11}},"259":{"start":{"line":669,"column":10},"end":{"line":674,"column":11}},"260":{"start":{"line":670,"column":12},"end":{"line":670,"column":63}},"261":{"start":{"line":671,"column":12},"end":{"line":671,"column":71}},"262":{"start":{"line":673,"column":12},"end":{"line":673,"column":48}},"263":{"start":{"line":682,"column":0},"end":{"line":718,"column":3}},"264":{"start":{"line":683,"column":17},"end":{"line":683,"column":35}},"265":{"start":{"line":684,"column":15},"end":{"line":684,"column":31}},"266":{"start":{"line":685,"column":17},"end":{"line":685,"column":35}},"267":{"start":{"line":687,"column":19},"end":{"line":687,"column":107}},"268":{"start":{"line":688,"column":2},"end":{"line":717,"column":5}},"269":{"start":{"line":689,"column":4},"end":{"line":716,"column":5}},"270":{"start":{"line":690,"column":6},"end":{"line":690,"column":56}},"271":{"start":{"line":691,"column":6},"end":{"line":691,"column":65}},"272":{"start":{"line":693,"column":6},"end":{"line":715,"column":7}},"273":{"start":{"line":695,"column":26},"end":{"line":695,"column":165}},"274":{"start":{"line":696,"column":8},"end":{"line":703,"column":11}},"275":{"start":{"line":697,"column":10},"end":{"line":702,"column":11}},"276":{"start":{"line":698,"column":12},"end":{"line":698,"column":63}},"277":{"start":{"line":699,"column":12},"end":{"line":699,"column":71}},"278":{"start":{"line":701,"column":12},"end":{"line":701,"column":48}},"279":{"start":{"line":706,"column":26},"end":{"line":706,"column":136}},"280":{"start":{"line":707,"column":8},"end":{"line":714,"column":11}},"281":{"start":{"line":708,"column":10},"end":{"line":713,"column":11}},"282":{"start":{"line":709,"column":12},"end":{"line":709,"column":63}},"283":{"start":{"line":710,"column":12},"end":{"line":710,"column":71}},"284":{"start":{"line":712,"column":12},"end":{"line":712,"column":48}},"285":{"start":{"line":720,"column":0},"end":{"line":733,"column":3}},"286":{"start":{"line":721,"column":19},"end":{"line":721,"column":36}},"287":{"start":{"line":723,"column":16},"end":{"line":723,"column":73}},"288":{"start":{"line":725,"column":2},"end":{"line":732,"column":5}},"289":{"start":{"line":726,"column":4},"end":{"line":731,"column":5}},"290":{"start":{"line":727,"column":6},"end":{"line":727,"column":51}},"291":{"start":{"line":728,"column":6},"end":{"line":728,"column":65}},"292":{"start":{"line":730,"column":6},"end":{"line":730,"column":58}},"293":{"start":{"line":735,"column":0},"end":{"line":773,"column":3}},"294":{"start":{"line":736,"column":16},"end":{"line":751,"column":8}},"295":{"start":{"line":753,"column":2},"end":{"line":772,"column":5}},"296":{"start":{"line":754,"column":4},"end":{"line":771,"column":5}},"297":{"start":{"line":755,"column":6},"end":{"line":755,"column":51}},"298":{"start":{"line":756,"column":6},"end":{"line":756,"column":65}},"299":{"start":{"line":758,"column":6},"end":{"line":770,"column":7}},"300":{"start":{"line":759,"column":8},"end":{"line":759,"column":38}},"301":{"start":{"line":761,"column":22},"end":{"line":761,"column":73}},"302":{"start":{"line":762,"column":8},"end":{"line":769,"column":11}},"303":{"start":{"line":763,"column":10},"end":{"line":768,"column":11}},"304":{"start":{"line":764,"column":12},"end":{"line":764,"column":57}},"305":{"start":{"line":765,"column":12},"end":{"line":765,"column":71}},"306":{"start":{"line":767,"column":12},"end":{"line":767,"column":42}},"307":{"start":{"line":776,"column":0},"end":{"line":811,"column":3}},"308":{"start":{"line":777,"column":18},"end":{"line":777,"column":50}},"309":{"start":{"line":778,"column":21},"end":{"line":778,"column":56}},"310":{"start":{"line":779,"column":2},"end":{"line":779,"column":47}},"311":{"start":{"line":780,"column":2},"end":{"line":780,"column":25}},"312":{"start":{"line":781,"column":16},"end":{"line":781,"column":162}},"313":{"start":{"line":782,"column":2},"end":{"line":810,"column":5}},"314":{"start":{"line":783,"column":4},"end":{"line":809,"column":5}},"315":{"start":{"line":784,"column":6},"end":{"line":784,"column":51}},"316":{"start":{"line":785,"column":6},"end":{"line":785,"column":65}},"317":{"start":{"line":787,"column":24},"end":{"line":787,"column":26}},"318":{"start":{"line":788,"column":6},"end":{"line":808,"column":9}},"319":{"start":{"line":789,"column":8},"end":{"line":802,"column":11}},"320":{"start":{"line":790,"column":31},"end":{"line":790,"column":92}},"321":{"start":{"line":791,"column":10},"end":{"line":801,"column":13}},"322":{"start":{"line":792,"column":12},"end":{"line":800,"column":13}},"323":{"start":{"line":793,"column":14},"end":{"line":793,"column":71}},"324":{"start":{"line":794,"column":14},"end":{"line":794,"column":46}},"325":{"start":{"line":796,"column":30},"end":{"line":796,"column":77}},"326":{"start":{"line":796,"column":59},"end":{"line":796,"column":76}},"327":{"start":{"line":797,"column":14},"end":{"line":797,"column":35}},"328":{"start":{"line":798,"column":14},"end":{"line":798,"column":40}},"329":{"start":{"line":799,"column":14},"end":{"line":799,"column":24}},"330":{"start":{"line":804,"column":8},"end":{"line":804,"column":71}},"331":{"start":{"line":806,"column":8},"end":{"line":806,"column":29}},"332":{"start":{"line":807,"column":8},"end":{"line":807,"column":65}},"333":{"start":{"line":813,"column":0},"end":{"line":846,"column":3}},"334":{"start":{"line":814,"column":18},"end":{"line":814,"column":50}},"335":{"start":{"line":815,"column":21},"end":{"line":815,"column":56}},"336":{"start":{"line":816,"column":16},"end":{"line":837,"column":33}},"337":{"start":{"line":838,"column":2},"end":{"line":845,"column":5}},"338":{"start":{"line":839,"column":4},"end":{"line":844,"column":5}},"339":{"start":{"line":840,"column":6},"end":{"line":840,"column":51}},"340":{"start":{"line":841,"column":6},"end":{"line":841,"column":65}},"341":{"start":{"line":843,"column":6},"end":{"line":843,"column":45}},"342":{"start":{"line":849,"column":0},"end":{"line":851,"column":3}},"343":{"start":{"line":850,"column":2},"end":{"line":850,"column":42}},"344":{"start":{"line":853,"column":0},"end":{"line":853,"column":21}}},"fnMap":{"0":{"name":"pingdb","decl":{"start":{"line":50,"column":9},"end":{"line":50,"column":15}},"loc":{"start":{"line":50,"column":18},"end":{"line":56,"column":1}},"line":50},"1":{"name":"(anonymous_1)","decl":{"start":{"line":53,"column":31},"end":{"line":53,"column":32}},"loc":{"start":{"line":53,"column":54},"end":{"line":55,"column":3}},"line":53},"2":{"name":"(anonymous_2)","decl":{"start":{"line":59,"column":21},"end":{"line":59,"column":22}},"loc":{"start":{"line":59,"column":30},"end":{"line":65,"column":1}},"line":59},"3":{"name":"(anonymous_3)","decl":{"start":{"line":156,"column":48},"end":{"line":156,"column":49}},"loc":{"start":{"line":156,"column":65},"end":{"line":166,"column":1}},"line":156},"4":{"name":"(anonymous_4)","decl":{"start":{"line":170,"column":20},"end":{"line":170,"column":21}},"loc":{"start":{"line":170,"column":46},"end":{"line":187,"column":1}},"line":170},"5":{"name":"(anonymous_5)","decl":{"start":{"line":171,"column":21},"end":{"line":171,"column":22}},"loc":{"start":{"line":171,"column":42},"end":{"line":186,"column":3}},"line":171},"6":{"name":"(anonymous_6)","decl":{"start":{"line":172,"column":28},"end":{"line":172,"column":29}},"loc":{"start":{"line":172,"column":37},"end":{"line":185,"column":5}},"line":172},"7":{"name":"(anonymous_7)","decl":{"start":{"line":189,"column":23},"end":{"line":189,"column":24}},"loc":{"start":{"line":189,"column":29},"end":{"line":201,"column":1}},"line":189},"8":{"name":"(anonymous_8)","decl":{"start":{"line":190,"column":21},"end":{"line":190,"column":22}},"loc":{"start":{"line":190,"column":42},"end":{"line":200,"column":3}},"line":190},"9":{"name":"(anonymous_9)","decl":{"start":{"line":191,"column":66},"end":{"line":191,"column":67}},"loc":{"start":{"line":191,"column":75},"end":{"line":199,"column":5}},"line":191},"10":{"name":"(anonymous_10)","decl":{"start":{"line":204,"column":8},"end":{"line":204,"column":9}},"loc":{"start":{"line":204,"column":14},"end":{"line":204,"column":43}},"line":204},"11":{"name":"(anonymous_11)","decl":{"start":{"line":205,"column":8},"end":{"line":205,"column":9}},"loc":{"start":{"line":205,"column":14},"end":{"line":205,"column":45}},"line":205},"12":{"name":"(anonymous_12)","decl":{"start":{"line":206,"column":8},"end":{"line":206,"column":9}},"loc":{"start":{"line":206,"column":14},"end":{"line":206,"column":47}},"line":206},"13":{"name":"(anonymous_13)","decl":{"start":{"line":207,"column":8},"end":{"line":207,"column":9}},"loc":{"start":{"line":207,"column":14},"end":{"line":207,"column":43}},"line":207},"14":{"name":"(anonymous_14)","decl":{"start":{"line":208,"column":8},"end":{"line":208,"column":9}},"loc":{"start":{"line":208,"column":14},"end":{"line":208,"column":58}},"line":208},"15":{"name":"(anonymous_15)","decl":{"start":{"line":209,"column":8},"end":{"line":209,"column":9}},"loc":{"start":{"line":209,"column":14},"end":{"line":209,"column":55}},"line":209},"16":{"name":"(anonymous_16)","decl":{"start":{"line":210,"column":8},"end":{"line":210,"column":9}},"loc":{"start":{"line":210,"column":14},"end":{"line":210,"column":49}},"line":210},"17":{"name":"(anonymous_17)","decl":{"start":{"line":211,"column":9},"end":{"line":211,"column":10}},"loc":{"start":{"line":211,"column":18},"end":{"line":213,"column":3}},"line":211},"18":{"name":"main","decl":{"start":{"line":217,"column":15},"end":{"line":217,"column":19}},"loc":{"start":{"line":217,"column":27},"end":{"line":223,"column":1}},"line":217},"19":{"name":"MatchingTags","decl":{"start":{"line":225,"column":9},"end":{"line":225,"column":21}},"loc":{"start":{"line":225,"column":38},"end":{"line":238,"column":1}},"line":225},"20":{"name":"(anonymous_20)","decl":{"start":{"line":227,"column":17},"end":{"line":227,"column":18}},"loc":{"start":{"line":227,"column":30},"end":{"line":231,"column":3}},"line":227},"21":{"name":"getMatchingModels","decl":{"start":{"line":242,"column":9},"end":{"line":242,"column":26}},"loc":{"start":{"line":242,"column":41},"end":{"line":263,"column":1}},"line":242},"22":{"name":"(anonymous_22)","decl":{"start":{"line":243,"column":21},"end":{"line":243,"column":22}},"loc":{"start":{"line":243,"column":42},"end":{"line":261,"column":3}},"line":243},"23":{"name":"(anonymous_23)","decl":{"start":{"line":247,"column":34},"end":{"line":247,"column":35}},"loc":{"start":{"line":247,"column":52},"end":{"line":260,"column":5}},"line":247},"24":{"name":"(anonymous_24)","decl":{"start":{"line":252,"column":24},"end":{"line":252,"column":25}},"loc":{"start":{"line":252,"column":34},"end":{"line":257,"column":9}},"line":252},"25":{"name":"(anonymous_25)","decl":{"start":{"line":265,"column":31},"end":{"line":265,"column":32}},"loc":{"start":{"line":265,"column":49},"end":{"line":273,"column":1}},"line":265},"26":{"name":"(anonymous_26)","decl":{"start":{"line":277,"column":33},"end":{"line":277,"column":34}},"loc":{"start":{"line":277,"column":51},"end":{"line":296,"column":1}},"line":277},"27":{"name":"(anonymous_27)","decl":{"start":{"line":285,"column":36},"end":{"line":285,"column":37}},"loc":{"start":{"line":285,"column":53},"end":{"line":291,"column":7}},"line":285},"28":{"name":"getKeywords","decl":{"start":{"line":298,"column":15},"end":{"line":298,"column":26}},"loc":{"start":{"line":298,"column":34},"end":{"line":307,"column":1}},"line":298},"29":{"name":"getCategories","decl":{"start":{"line":309,"column":9},"end":{"line":309,"column":22}},"loc":{"start":{"line":309,"column":34},"end":{"line":317,"column":1}},"line":309},"30":{"name":"(anonymous_30)","decl":{"start":{"line":312,"column":17},"end":{"line":312,"column":18}},"loc":{"start":{"line":312,"column":31},"end":{"line":316,"column":3}},"line":312},"31":{"name":"(anonymous_31)","decl":{"start":{"line":323,"column":25},"end":{"line":323,"column":26}},"loc":{"start":{"line":323,"column":45},"end":{"line":357,"column":1}},"line":323},"32":{"name":"(anonymous_32)","decl":{"start":{"line":332,"column":12},"end":{"line":332,"column":13}},"loc":{"start":{"line":332,"column":24},"end":{"line":332,"column":39}},"line":332},"33":{"name":"(anonymous_33)","decl":{"start":{"line":332,"column":46},"end":{"line":332,"column":47}},"loc":{"start":{"line":332,"column":62},"end":{"line":355,"column":5}},"line":332},"34":{"name":"(anonymous_34)","decl":{"start":{"line":339,"column":46},"end":{"line":339,"column":47}},"loc":{"start":{"line":339,"column":57},"end":{"line":342,"column":9}},"line":339},"35":{"name":"(anonymous_35)","decl":{"start":{"line":344,"column":65},"end":{"line":344,"column":66}},"loc":{"start":{"line":344,"column":75},"end":{"line":346,"column":9}},"line":344},"36":{"name":"(anonymous_36)","decl":{"start":{"line":346,"column":17},"end":{"line":346,"column":18}},"loc":{"start":{"line":346,"column":24},"end":{"line":348,"column":9}},"line":346},"37":{"name":"(anonymous_37)","decl":{"start":{"line":359,"column":23},"end":{"line":359,"column":24}},"loc":{"start":{"line":359,"column":43},"end":{"line":384,"column":1}},"line":359},"38":{"name":"(anonymous_38)","decl":{"start":{"line":364,"column":4},"end":{"line":364,"column":5}},"loc":{"start":{"line":364,"column":21},"end":{"line":382,"column":5}},"line":364},"39":{"name":"(anonymous_39)","decl":{"start":{"line":372,"column":10},"end":{"line":372,"column":11}},"loc":{"start":{"line":372,"column":27},"end":{"line":379,"column":11}},"line":372},"40":{"name":"(anonymous_40)","decl":{"start":{"line":386,"column":26},"end":{"line":386,"column":27}},"loc":{"start":{"line":386,"column":40},"end":{"line":397,"column":1}},"line":386},"41":{"name":"(anonymous_41)","decl":{"start":{"line":389,"column":4},"end":{"line":389,"column":5}},"loc":{"start":{"line":389,"column":21},"end":{"line":395,"column":5}},"line":389},"42":{"name":"(anonymous_42)","decl":{"start":{"line":399,"column":25},"end":{"line":399,"column":26}},"loc":{"start":{"line":399,"column":45},"end":{"line":412,"column":1}},"line":399},"43":{"name":"(anonymous_43)","decl":{"start":{"line":403,"column":34},"end":{"line":403,"column":35}},"loc":{"start":{"line":403,"column":51},"end":{"line":411,"column":3}},"line":403},"44":{"name":"(anonymous_44)","decl":{"start":{"line":414,"column":31},"end":{"line":414,"column":32}},"loc":{"start":{"line":414,"column":45},"end":{"line":426,"column":1}},"line":414},"45":{"name":"(anonymous_45)","decl":{"start":{"line":418,"column":4},"end":{"line":418,"column":5}},"loc":{"start":{"line":418,"column":21},"end":{"line":424,"column":5}},"line":418},"46":{"name":"(anonymous_46)","decl":{"start":{"line":428,"column":22},"end":{"line":428,"column":23}},"loc":{"start":{"line":428,"column":36},"end":{"line":448,"column":1}},"line":428},"47":{"name":"(anonymous_47)","decl":{"start":{"line":440,"column":28},"end":{"line":440,"column":29}},"loc":{"start":{"line":440,"column":45},"end":{"line":447,"column":3}},"line":440},"48":{"name":"(anonymous_48)","decl":{"start":{"line":450,"column":24},"end":{"line":450,"column":25}},"loc":{"start":{"line":450,"column":38},"end":{"line":479,"column":1}},"line":450},"49":{"name":"(anonymous_49)","decl":{"start":{"line":471,"column":28},"end":{"line":471,"column":29}},"loc":{"start":{"line":471,"column":45},"end":{"line":478,"column":3}},"line":471},"50":{"name":"(anonymous_50)","decl":{"start":{"line":481,"column":23},"end":{"line":481,"column":24}},"loc":{"start":{"line":481,"column":37},"end":{"line":517,"column":1}},"line":481},"51":{"name":"(anonymous_51)","decl":{"start":{"line":509,"column":28},"end":{"line":509,"column":29}},"loc":{"start":{"line":509,"column":45},"end":{"line":516,"column":3}},"line":509},"52":{"name":"(anonymous_52)","decl":{"start":{"line":519,"column":22},"end":{"line":519,"column":23}},"loc":{"start":{"line":519,"column":36},"end":{"line":555,"column":1}},"line":519},"53":{"name":"(anonymous_53)","decl":{"start":{"line":547,"column":38},"end":{"line":547,"column":39}},"loc":{"start":{"line":547,"column":55},"end":{"line":554,"column":3}},"line":547},"54":{"name":"(anonymous_54)","decl":{"start":{"line":557,"column":29},"end":{"line":557,"column":30}},"loc":{"start":{"line":557,"column":49},"end":{"line":571,"column":1}},"line":557},"55":{"name":"(anonymous_55)","decl":{"start":{"line":574,"column":30},"end":{"line":574,"column":31}},"loc":{"start":{"line":574,"column":44},"end":{"line":597,"column":1}},"line":574},"56":{"name":"(anonymous_56)","decl":{"start":{"line":590,"column":4},"end":{"line":590,"column":5}},"loc":{"start":{"line":590,"column":21},"end":{"line":595,"column":5}},"line":590},"57":{"name":"(anonymous_57)","decl":{"start":{"line":599,"column":28},"end":{"line":599,"column":29}},"loc":{"start":{"line":599,"column":42},"end":{"line":616,"column":1}},"line":599},"58":{"name":"(anonymous_58)","decl":{"start":{"line":610,"column":62},"end":{"line":610,"column":63}},"loc":{"start":{"line":610,"column":79},"end":{"line":615,"column":3}},"line":610},"59":{"name":"(anonymous_59)","decl":{"start":{"line":618,"column":30},"end":{"line":618,"column":31}},"loc":{"start":{"line":618,"column":44},"end":{"line":641,"column":1}},"line":618},"60":{"name":"(anonymous_60)","decl":{"start":{"line":626,"column":35},"end":{"line":626,"column":36}},"loc":{"start":{"line":626,"column":52},"end":{"line":640,"column":3}},"line":626},"61":{"name":"(anonymous_61)","decl":{"start":{"line":629,"column":55},"end":{"line":629,"column":56}},"loc":{"start":{"line":629,"column":72},"end":{"line":636,"column":7}},"line":629},"62":{"name":"(anonymous_62)","decl":{"start":{"line":643,"column":28},"end":{"line":643,"column":29}},"loc":{"start":{"line":643,"column":42},"end":{"line":679,"column":1}},"line":643},"63":{"name":"(anonymous_63)","decl":{"start":{"line":649,"column":33},"end":{"line":649,"column":34}},"loc":{"start":{"line":649,"column":60},"end":{"line":678,"column":3}},"line":649},"64":{"name":"(anonymous_64)","decl":{"start":{"line":657,"column":40},"end":{"line":657,"column":41}},"loc":{"start":{"line":657,"column":69},"end":{"line":664,"column":9}},"line":657},"65":{"name":"(anonymous_65)","decl":{"start":{"line":668,"column":40},"end":{"line":668,"column":41}},"loc":{"start":{"line":668,"column":69},"end":{"line":675,"column":9}},"line":668},"66":{"name":"(anonymous_66)","decl":{"start":{"line":682,"column":30},"end":{"line":682,"column":31}},"loc":{"start":{"line":682,"column":44},"end":{"line":718,"column":1}},"line":682},"67":{"name":"(anonymous_67)","decl":{"start":{"line":688,"column":33},"end":{"line":688,"column":34}},"loc":{"start":{"line":688,"column":60},"end":{"line":717,"column":3}},"line":688},"68":{"name":"(anonymous_68)","decl":{"start":{"line":696,"column":40},"end":{"line":696,"column":41}},"loc":{"start":{"line":696,"column":69},"end":{"line":703,"column":9}},"line":696},"69":{"name":"(anonymous_69)","decl":{"start":{"line":707,"column":40},"end":{"line":707,"column":41}},"loc":{"start":{"line":707,"column":69},"end":{"line":714,"column":9}},"line":707},"70":{"name":"(anonymous_70)","decl":{"start":{"line":720,"column":26},"end":{"line":720,"column":27}},"loc":{"start":{"line":720,"column":40},"end":{"line":733,"column":1}},"line":720},"71":{"name":"(anonymous_71)","decl":{"start":{"line":725,"column":40},"end":{"line":725,"column":41}},"loc":{"start":{"line":725,"column":57},"end":{"line":732,"column":3}},"line":725},"72":{"name":"(anonymous_72)","decl":{"start":{"line":735,"column":32},"end":{"line":735,"column":33}},"loc":{"start":{"line":735,"column":46},"end":{"line":773,"column":1}},"line":735},"73":{"name":"(anonymous_73)","decl":{"start":{"line":753,"column":28},"end":{"line":753,"column":29}},"loc":{"start":{"line":753,"column":45},"end":{"line":772,"column":3}},"line":753},"74":{"name":"(anonymous_74)","decl":{"start":{"line":762,"column":34},"end":{"line":762,"column":35}},"loc":{"start":{"line":762,"column":51},"end":{"line":769,"column":9}},"line":762},"75":{"name":"(anonymous_75)","decl":{"start":{"line":776,"column":22},"end":{"line":776,"column":23}},"loc":{"start":{"line":776,"column":36},"end":{"line":811,"column":1}},"line":776},"76":{"name":"(anonymous_76)","decl":{"start":{"line":782,"column":28},"end":{"line":782,"column":29}},"loc":{"start":{"line":782,"column":54},"end":{"line":810,"column":3}},"line":782},"77":{"name":"(anonymous_77)","decl":{"start":{"line":788,"column":38},"end":{"line":788,"column":39}},"loc":{"start":{"line":788,"column":50},"end":{"line":803,"column":7}},"line":788},"78":{"name":"(anonymous_78)","decl":{"start":{"line":789,"column":27},"end":{"line":789,"column":28}},"loc":{"start":{"line":789,"column":48},"end":{"line":802,"column":9}},"line":789},"79":{"name":"(anonymous_79)","decl":{"start":{"line":791,"column":66},"end":{"line":791,"column":67}},"loc":{"start":{"line":791,"column":91},"end":{"line":801,"column":11}},"line":791},"80":{"name":"(anonymous_80)","decl":{"start":{"line":796,"column":49},"end":{"line":796,"column":50}},"loc":{"start":{"line":796,"column":59},"end":{"line":796,"column":76}},"line":796},"81":{"name":"(anonymous_81)","decl":{"start":{"line":803,"column":15},"end":{"line":803,"column":16}},"loc":{"start":{"line":803,"column":21},"end":{"line":805,"column":7}},"line":803},"82":{"name":"(anonymous_82)","decl":{"start":{"line":805,"column":15},"end":{"line":805,"column":16}},"loc":{"start":{"line":805,"column":24},"end":{"line":808,"column":7}},"line":805},"83":{"name":"(anonymous_83)","decl":{"start":{"line":813,"column":22},"end":{"line":813,"column":23}},"loc":{"start":{"line":813,"column":36},"end":{"line":846,"column":1}},"line":813},"84":{"name":"(anonymous_84)","decl":{"start":{"line":838,"column":28},"end":{"line":838,"column":29}},"loc":{"start":{"line":838,"column":54},"end":{"line":845,"column":3}},"line":838},"85":{"name":"(anonymous_85)","decl":{"start":{"line":849,"column":17},"end":{"line":849,"column":18}},"loc":{"start":{"line":849,"column":23},"end":{"line":851,"column":1}},"line":849}},"branchMap":{"0":{"loc":{"start":{"line":54,"column":4},"end":{"line":54,"column":23}},"type":"if","locations":[{"start":{"line":54,"column":4},"end":{"line":54,"column":23}},{"start":{},"end":{}}],"line":54},"1":{"loc":{"start":{"line":60,"column":2},"end":{"line":64,"column":3}},"type":"if","locations":[{"start":{"line":60,"column":2},"end":{"line":64,"column":3}},{"start":{"line":62,"column":9},"end":{"line":64,"column":3}}],"line":60},"2":{"loc":{"start":{"line":157,"column":2},"end":{"line":165,"column":3}},"type":"if","locations":[{"start":{"line":157,"column":2},"end":{"line":165,"column":3}},{"start":{"line":163,"column":9},"end":{"line":165,"column":3}}],"line":157},"3":{"loc":{"start":{"line":158,"column":4},"end":{"line":162,"column":5}},"type":"if","locations":[{"start":{"line":158,"column":4},"end":{"line":162,"column":5}},{"start":{"line":160,"column":11},"end":{"line":162,"column":5}}],"line":158},"4":{"loc":{"start":{"line":173,"column":6},"end":{"line":184,"column":7}},"type":"if","locations":[{"start":{"line":173,"column":6},"end":{"line":184,"column":7}},{"start":{"line":181,"column":13},"end":{"line":184,"column":7}}],"line":173},"5":{"loc":{"start":{"line":174,"column":8},"end":{"line":180,"column":9}},"type":"if","locations":[{"start":{"line":174,"column":8},"end":{"line":180,"column":9}},{"start":{"line":177,"column":15},"end":{"line":180,"column":9}}],"line":174},"6":{"loc":{"start":{"line":192,"column":6},"end":{"line":198,"column":7}},"type":"if","locations":[{"start":{"line":192,"column":6},"end":{"line":198,"column":7}},{"start":{"line":195,"column":13},"end":{"line":198,"column":7}}],"line":192},"7":{"loc":{"start":{"line":228,"column":4},"end":{"line":230,"column":5}},"type":"if","locations":[{"start":{"line":228,"column":4},"end":{"line":230,"column":5}},{"start":{},"end":{}}],"line":228},"8":{"loc":{"start":{"line":233,"column":2},"end":{"line":237,"column":3}},"type":"if","locations":[{"start":{"line":233,"column":2},"end":{"line":237,"column":3}},{"start":{"line":235,"column":9},"end":{"line":237,"column":3}}],"line":233},"9":{"loc":{"start":{"line":248,"column":6},"end":{"line":259,"column":7}},"type":"if","locations":[{"start":{"line":248,"column":6},"end":{"line":259,"column":7}},{"start":{"line":251,"column":13},"end":{"line":259,"column":7}}],"line":248},"10":{"loc":{"start":{"line":254,"column":10},"end":{"line":256,"column":11}},"type":"if","locations":[{"start":{"line":254,"column":10},"end":{"line":256,"column":11}},{"start":{},"end":{}}],"line":254},"11":{"loc":{"start":{"line":266,"column":2},"end":{"line":272,"column":3}},"type":"if","locations":[{"start":{"line":266,"column":2},"end":{"line":272,"column":3}},{"start":{"line":270,"column":9},"end":{"line":272,"column":3}}],"line":266},"12":{"loc":{"start":{"line":267,"column":4},"end":{"line":269,"column":5}},"type":"if","locations":[{"start":{"line":267,"column":4},"end":{"line":269,"column":5}},{"start":{},"end":{}}],"line":267},"13":{"loc":{"start":{"line":278,"column":2},"end":{"line":295,"column":3}},"type":"if","locations":[{"start":{"line":278,"column":2},"end":{"line":295,"column":3}},{"start":{"line":280,"column":9},"end":{"line":295,"column":3}}],"line":278},"14":{"loc":{"start":{"line":284,"column":4},"end":{"line":294,"column":5}},"type":"if","locations":[{"start":{"line":284,"column":4},"end":{"line":294,"column":5}},{"start":{"line":292,"column":11},"end":{"line":294,"column":5}}],"line":284},"15":{"loc":{"start":{"line":286,"column":8},"end":{"line":290,"column":9}},"type":"if","locations":[{"start":{"line":286,"column":8},"end":{"line":290,"column":9}},{"start":{"line":288,"column":15},"end":{"line":290,"column":9}}],"line":286},"16":{"loc":{"start":{"line":313,"column":4},"end":{"line":315,"column":5}},"type":"if","locations":[{"start":{"line":313,"column":4},"end":{"line":315,"column":5}},{"start":{},"end":{}}],"line":313},"17":{"loc":{"start":{"line":325,"column":2},"end":{"line":356,"column":3}},"type":"if","locations":[{"start":{"line":325,"column":2},"end":{"line":356,"column":3}},{"start":{"line":327,"column":9},"end":{"line":356,"column":3}}],"line":325},"18":{"loc":{"start":{"line":333,"column":6},"end":{"line":354,"column":7}},"type":"if","locations":[{"start":{"line":333,"column":6},"end":{"line":354,"column":7}},{"start":{"line":351,"column":13},"end":{"line":354,"column":7}}],"line":333},"19":{"loc":{"start":{"line":365,"column":6},"end":{"line":381,"column":7}},"type":"if","locations":[{"start":{"line":365,"column":6},"end":{"line":381,"column":7}},{"start":{"line":368,"column":13},"end":{"line":381,"column":7}}],"line":365},"20":{"loc":{"start":{"line":374,"column":12},"end":{"line":378,"column":13}},"type":"if","locations":[{"start":{"line":374,"column":12},"end":{"line":378,"column":13}},{"start":{"line":376,"column":19},"end":{"line":378,"column":13}}],"line":374},"21":{"loc":{"start":{"line":390,"column":6},"end":{"line":394,"column":7}},"type":"if","locations":[{"start":{"line":390,"column":6},"end":{"line":394,"column":7}},{"start":{"line":392,"column":13},"end":{"line":394,"column":7}}],"line":390},"22":{"loc":{"start":{"line":404,"column":4},"end":{"line":410,"column":5}},"type":"if","locations":[{"start":{"line":404,"column":4},"end":{"line":410,"column":5}},{"start":{"line":407,"column":11},"end":{"line":410,"column":5}}],"line":404},"23":{"loc":{"start":{"line":419,"column":6},"end":{"line":423,"column":7}},"type":"if","locations":[{"start":{"line":419,"column":6},"end":{"line":423,"column":7}},{"start":{"line":421,"column":13},"end":{"line":423,"column":7}}],"line":419},"24":{"loc":{"start":{"line":433,"column":2},"end":{"line":438,"column":3}},"type":"if","locations":[{"start":{"line":433,"column":2},"end":{"line":438,"column":3}},{"start":{"line":436,"column":9},"end":{"line":438,"column":3}}],"line":433},"25":{"loc":{"start":{"line":441,"column":4},"end":{"line":446,"column":5}},"type":"if","locations":[{"start":{"line":441,"column":4},"end":{"line":446,"column":5}},{"start":{"line":444,"column":11},"end":{"line":446,"column":5}}],"line":441},"26":{"loc":{"start":{"line":472,"column":4},"end":{"line":477,"column":5}},"type":"if","locations":[{"start":{"line":472,"column":4},"end":{"line":477,"column":5}},{"start":{"line":475,"column":11},"end":{"line":477,"column":5}}],"line":472},"27":{"loc":{"start":{"line":510,"column":4},"end":{"line":515,"column":5}},"type":"if","locations":[{"start":{"line":510,"column":4},"end":{"line":515,"column":5}},{"start":{"line":513,"column":11},"end":{"line":515,"column":5}}],"line":510},"28":{"loc":{"start":{"line":548,"column":4},"end":{"line":553,"column":5}},"type":"if","locations":[{"start":{"line":548,"column":4},"end":{"line":553,"column":5}},{"start":{"line":551,"column":11},"end":{"line":553,"column":5}}],"line":548},"29":{"loc":{"start":{"line":591,"column":6},"end":{"line":594,"column":7}},"type":"if","locations":[{"start":{"line":591,"column":6},"end":{"line":594,"column":7}},{"start":{},"end":{}}],"line":591},"30":{"loc":{"start":{"line":611,"column":4},"end":{"line":614,"column":5}},"type":"if","locations":[{"start":{"line":611,"column":4},"end":{"line":614,"column":5}},{"start":{},"end":{}}],"line":611},"31":{"loc":{"start":{"line":627,"column":4},"end":{"line":639,"column":5}},"type":"if","locations":[{"start":{"line":627,"column":4},"end":{"line":639,"column":5}},{"start":{"line":637,"column":11},"end":{"line":639,"column":5}}],"line":627},"32":{"loc":{"start":{"line":630,"column":8},"end":{"line":635,"column":9}},"type":"if","locations":[{"start":{"line":630,"column":8},"end":{"line":635,"column":9}},{"start":{"line":633,"column":15},"end":{"line":635,"column":9}}],"line":630},"33":{"loc":{"start":{"line":650,"column":4},"end":{"line":677,"column":5}},"type":"if","locations":[{"start":{"line":650,"column":4},"end":{"line":677,"column":5}},{"start":{"line":653,"column":11},"end":{"line":677,"column":5}}],"line":650},"34":{"loc":{"start":{"line":654,"column":6},"end":{"line":676,"column":7}},"type":"if","locations":[{"start":{"line":654,"column":6},"end":{"line":676,"column":7}},{"start":{"line":665,"column":13},"end":{"line":676,"column":7}}],"line":654},"35":{"loc":{"start":{"line":658,"column":10},"end":{"line":663,"column":11}},"type":"if","locations":[{"start":{"line":658,"column":10},"end":{"line":663,"column":11}},{"start":{"line":661,"column":17},"end":{"line":663,"column":11}}],"line":658},"36":{"loc":{"start":{"line":669,"column":10},"end":{"line":674,"column":11}},"type":"if","locations":[{"start":{"line":669,"column":10},"end":{"line":674,"column":11}},{"start":{"line":672,"column":17},"end":{"line":674,"column":11}}],"line":669},"37":{"loc":{"start":{"line":689,"column":4},"end":{"line":716,"column":5}},"type":"if","locations":[{"start":{"line":689,"column":4},"end":{"line":716,"column":5}},{"start":{"line":692,"column":11},"end":{"line":716,"column":5}}],"line":689},"38":{"loc":{"start":{"line":693,"column":6},"end":{"line":715,"column":7}},"type":"if","locations":[{"start":{"line":693,"column":6},"end":{"line":715,"column":7}},{"start":{"line":704,"column":13},"end":{"line":715,"column":7}}],"line":693},"39":{"loc":{"start":{"line":697,"column":10},"end":{"line":702,"column":11}},"type":"if","locations":[{"start":{"line":697,"column":10},"end":{"line":702,"column":11}},{"start":{"line":700,"column":17},"end":{"line":702,"column":11}}],"line":697},"40":{"loc":{"start":{"line":708,"column":10},"end":{"line":713,"column":11}},"type":"if","locations":[{"start":{"line":708,"column":10},"end":{"line":713,"column":11}},{"start":{"line":711,"column":17},"end":{"line":713,"column":11}}],"line":708},"41":{"loc":{"start":{"line":726,"column":4},"end":{"line":731,"column":5}},"type":"if","locations":[{"start":{"line":726,"column":4},"end":{"line":731,"column":5}},{"start":{"line":729,"column":11},"end":{"line":731,"column":5}}],"line":726},"42":{"loc":{"start":{"line":754,"column":4},"end":{"line":771,"column":5}},"type":"if","locations":[{"start":{"line":754,"column":4},"end":{"line":771,"column":5}},{"start":{"line":757,"column":11},"end":{"line":771,"column":5}}],"line":754},"43":{"loc":{"start":{"line":758,"column":6},"end":{"line":770,"column":7}},"type":"if","locations":[{"start":{"line":758,"column":6},"end":{"line":770,"column":7}},{"start":{"line":760,"column":13},"end":{"line":770,"column":7}}],"line":758},"44":{"loc":{"start":{"line":763,"column":10},"end":{"line":768,"column":11}},"type":"if","locations":[{"start":{"line":763,"column":10},"end":{"line":768,"column":11}},{"start":{"line":766,"column":17},"end":{"line":768,"column":11}}],"line":763},"45":{"loc":{"start":{"line":783,"column":4},"end":{"line":809,"column":5}},"type":"if","locations":[{"start":{"line":783,"column":4},"end":{"line":809,"column":5}},{"start":{"line":786,"column":11},"end":{"line":809,"column":5}}],"line":783},"46":{"loc":{"start":{"line":792,"column":12},"end":{"line":800,"column":13}},"type":"if","locations":[{"start":{"line":792,"column":12},"end":{"line":800,"column":13}},{"start":{"line":795,"column":19},"end":{"line":800,"column":13}}],"line":792},"47":{"loc":{"start":{"line":839,"column":4},"end":{"line":844,"column":5}},"type":"if","locations":[{"start":{"line":839,"column":4},"end":{"line":844,"column":5}},{"start":{"line":842,"column":11},"end":{"line":844,"column":5}}],"line":839}},"s":{"0":1,"1":1,"2":1,"3":1,"4":1,"5":1,"6":1,"7":1,"8":1,"9":1,"10":1,"11":0,"12":0,"13":0,"14":0,"15":1,"16":1,"17":1,"18":1,"19":1,"20":1,"21":1,"22":1,"23":1,"24":1,"25":1,"26":1,"27":1,"28":1,"29":1,"30":1,"31":1,"32":0,"33":0,"34":1,"35":1,"36":7,"37":7,"38":7,"39":7,"40":7,"41":0,"42":0,"43":0,"44":0,"45":1,"46":1,"47":1,"48":1,"49":0,"50":0,"51":1,"52":1,"53":1,"54":1,"55":1,"56":1,"57":1,"58":1,"59":1,"60":1,"61":0,"62":0,"63":0,"64":0,"65":0,"66":0,"67":0,"68":0,"69":0,"70":0,"71":0,"72":0,"73":0,"74":0,"75":0,"76":0,"77":0,"78":0,"79":0,"80":0,"81":0,"82":0,"83":1,"84":1,"85":1,"86":0,"87":1,"88":1,"89":1,"90":0,"91":1,"92":1,"93":1,"94":0,"95":0,"96":0,"97":0,"98":1,"99":0,"100":0,"101":0,"102":0,"103":0,"104":0,"105":0,"106":1,"107":1,"108":1,"109":0,"110":0,"111":0,"112":0,"113":0,"114":0,"115":0,"116":0,"117":0,"118":0,"119":0,"120":0,"121":0,"122":0,"123":0,"124":0,"125":0,"126":0,"127":0,"128":0,"129":0,"130":0,"131":1,"132":0,"133":0,"134":0,"135":0,"136":0,"137":0,"138":0,"139":0,"140":0,"141":0,"142":1,"143":1,"144":1,"145":0,"146":1,"147":1,"148":1,"149":1,"150":1,"151":1,"152":1,"153":1,"154":1,"155":0,"156":0,"157":1,"158":1,"159":1,"160":1,"161":1,"162":0,"163":1,"164":0,"165":0,"166":0,"167":0,"168":0,"169":0,"170":0,"171":0,"172":0,"173":1,"174":0,"175":0,"176":0,"177":0,"178":0,"179":0,"180":0,"181":1,"182":0,"183":0,"184":0,"185":0,"186":0,"187":0,"188":0,"189":1,"190":0,"191":0,"192":0,"193":0,"194":0,"195":0,"196":0,"197":1,"198":0,"199":0,"200":0,"201":0,"202":0,"203":0,"204":0,"205":0,"206":1,"207":0,"208":0,"209":0,"210":0,"211":0,"212":0,"213":0,"214":0,"215":0,"216":0,"217":0,"218":1,"219":0,"220":0,"221":0,"222":0,"223":0,"224":0,"225":0,"226":0,"227":0,"228":1,"229":0,"230":0,"231":0,"232":0,"233":0,"234":0,"235":0,"236":0,"237":0,"238":0,"239":0,"240":0,"241":1,"242":0,"243":0,"244":0,"245":0,"246":0,"247":0,"248":0,"249":0,"250":0,"251":0,"252":0,"253":0,"254":0,"255":0,"256":0,"257":0,"258":0,"259":0,"260":0,"261":0,"262":0,"263":1,"264":0,"265":0,"266":0,"267":0,"268":0,"269":0,"270":0,"271":0,"272":0,"273":0,"274":0,"275":0,"276":0,"277":0,"278":0,"279":0,"280":0,"281":0,"282":0,"283":0,"284":0,"285":1,"286":1,"287":1,"288":1,"289":1,"290":0,"291":0,"292":1,"293":1,"294":1,"295":1,"296":1,"297":0,"298":0,"299":1,"300":1,"301":0,"302":0,"303":0,"304":0,"305":0,"306":0,"307":1,"308":0,"309":0,"310":0,"311":0,"312":0,"313":0,"314":0,"315":0,"316":0,"317":0,"318":0,"319":0,"320":0,"321":0,"322":0,"323":0,"324":0,"325":0,"326":0,"327":0,"328":0,"329":0,"330":0,"331":0,"332":0,"333":1,"334":0,"335":0,"336":0,"337":0,"338":0,"339":0,"340":0,"341":0,"342":1,"343":1,"344":1},"f":{"0":0,"1":0,"2":1,"3":1,"4":7,"5":7,"6":7,"7":1,"8":1,"9":1,"10":1,"11":1,"12":1,"13":1,"14":1,"15":1,"16":1,"17":0,"18":0,"19":0,"20":0,"21":0,"22":0,"23":0,"24":0,"25":1,"26":1,"27":0,"28":0,"29":0,"30":0,"31":0,"32":0,"33":0,"34":0,"35":0,"36":0,"37":0,"38":0,"39":0,"40":1,"41":1,"42":1,"43":1,"44":1,"45":1,"46":0,"47":0,"48":0,"49":0,"50":0,"51":0,"52":0,"53":0,"54":0,"55":0,"56":0,"57":0,"58":0,"59":0,"60":0,"61":0,"62":0,"63":0,"64":0,"65":0,"66":0,"67":0,"68":0,"69":0,"70":1,"71":1,"72":1,"73":1,"74":0,"75":0,"76":0,"77":0,"78":0,"79":0,"80":0,"81":0,"82":0,"83":0,"84":0,"85":1},"b":{"0":[0,0],"1":[0,1],"2":[1,0],"3":[1,0],"4":[7,0],"5":[7,0],"6":[0,1],"7":[0,0],"8":[0,0],"9":[0,0],"10":[0,0],"11":[1,0],"12":[1,0],"13":[0,1],"14":[0,1],"15":[0,0],"16":[0,0],"17":[0,0],"18":[0,0],"19":[0,0],"20":[0,0],"21":[0,1],"22":[1,0],"23":[1,0],"24":[0,0],"25":[0,0],"26":[0,0],"27":[0,0],"28":[0,0],"29":[0,0],"30":[0,0],"31":[0,0],"32":[0,0],"33":[0,0],"34":[0,0],"35":[0,0],"36":[0,0],"37":[0,0],"38":[0,0],"39":[0,0],"40":[0,0],"41":[0,1],"42":[0,1],"43":[1,0],"44":[0,0],"45":[0,0],"46":[0,0],"47":[0,0]},"_coverageSchema":"1a1c01bbd47fc00a2c39e90264f33305004495a9","hash":"a98fa22ff3729983d145ae34eb463d2d0a4977a2"}
}
