TN:
SF:server.js
FN:50,pingdb
FN:53,(anonymous_1)
FN:59,(anonymous_2)
FN:156,(anonymous_3)
FN:170,(anonymous_4)
FN:171,(anonymous_5)
FN:172,(anonymous_6)
FN:189,(anonymous_7)
FN:190,(anonymous_8)
FN:191,(anonymous_9)
FN:204,(anonymous_10)
FN:205,(anonymous_11)
FN:206,(anonymous_12)
FN:207,(anonymous_13)
FN:208,(anonymous_14)
FN:209,(anonymous_15)
FN:210,(anonymous_16)
FN:211,(anonymous_17)
FN:217,main
FN:225,MatchingTags
FN:227,(anonymous_20)
FN:242,getMatchingModels
FN:243,(anonymous_22)
FN:247,(anonymous_23)
FN:252,(anonymous_24)
FN:265,(anonymous_25)
FN:277,(anonymous_26)
FN:285,(anonymous_27)
FN:298,getKeywords
FN:309,getCategories
FN:312,(anonymous_30)
FN:323,(anonymous_31)
FN:332,(anonymous_32)
FN:332,(anonymous_33)
FN:339,(anonymous_34)
FN:344,(anonymous_35)
FN:346,(anonymous_36)
FN:359,(anonymous_37)
FN:364,(anonymous_38)
FN:372,(anonymous_39)
FN:386,(anonymous_40)
FN:389,(anonymous_41)
FN:399,(anonymous_42)
FN:403,(anonymous_43)
FN:414,(anonymous_44)
FN:418,(anonymous_45)
FN:428,(anonymous_46)
FN:440,(anonymous_47)
FN:450,(anonymous_48)
FN:471,(anonymous_49)
FN:481,(anonymous_50)
FN:509,(anonymous_51)
FN:519,(anonymous_52)
FN:547,(anonymous_53)
FN:557,(anonymous_54)
FN:574,(anonymous_55)
FN:590,(anonymous_56)
FN:599,(anonymous_57)
FN:610,(anonymous_58)
FN:618,(anonymous_59)
FN:626,(anonymous_60)
FN:629,(anonymous_61)
FN:643,(anonymous_62)
FN:649,(anonymous_63)
FN:657,(anonymous_64)
FN:668,(anonymous_65)
FN:682,(anonymous_66)
FN:688,(anonymous_67)
FN:696,(anonymous_68)
FN:707,(anonymous_69)
FN:720,(anonymous_70)
FN:725,(anonymous_71)
FN:735,(anonymous_72)
FN:753,(anonymous_73)
FN:762,(anonymous_74)
FN:776,(anonymous_75)
FN:782,(anonymous_76)
FN:788,(anonymous_77)
FN:789,(anonymous_78)
FN:791,(anonymous_79)
FN:796,(anonymous_80)
FN:803,(anonymous_81)
FN:805,(anonymous_82)
FN:813,(anonymous_83)
FN:838,(anonymous_84)
FN:849,(anonymous_85)
FNF:86
FNH:28
FNDA:0,pingdb
FNDA:0,(anonymous_1)
FNDA:1,(anonymous_2)
FNDA:1,(anonymous_3)
FNDA:7,(anonymous_4)
FNDA:7,(anonymous_5)
FNDA:7,(anonymous_6)
FNDA:1,(anonymous_7)
FNDA:1,(anonymous_8)
FNDA:1,(anonymous_9)
FNDA:1,(anonymous_10)
FNDA:1,(anonymous_11)
FNDA:1,(anonymous_12)
FNDA:1,(anonymous_13)
FNDA:1,(anonymous_14)
FNDA:1,(anonymous_15)
FNDA:1,(anonymous_16)
FNDA:0,(anonymous_17)
FNDA:0,main
FNDA:0,MatchingTags
FNDA:0,(anonymous_20)
FNDA:0,getMatchingModels
FNDA:0,(anonymous_22)
FNDA:0,(anonymous_23)
FNDA:0,(anonymous_24)
FNDA:1,(anonymous_25)
FNDA:1,(anonymous_26)
FNDA:0,(anonymous_27)
FNDA:0,getKeywords
FNDA:0,getCategories
FNDA:0,(anonymous_30)
FNDA:0,(anonymous_31)
FNDA:0,(anonymous_32)
FNDA:0,(anonymous_33)
FNDA:0,(anonymous_34)
FNDA:0,(anonymous_35)
FNDA:0,(anonymous_36)
FNDA:0,(anonymous_37)
FNDA:0,(anonymous_38)
FNDA:0,(anonymous_39)
FNDA:1,(anonymous_40)
FNDA:1,(anonymous_41)
FNDA:1,(anonymous_42)
FNDA:1,(anonymous_43)
FNDA:1,(anonymous_44)
FNDA:1,(anonymous_45)
FNDA:0,(anonymous_46)
FNDA:0,(anonymous_47)
FNDA:0,(anonymous_48)
FNDA:0,(anonymous_49)
FNDA:0,(anonymous_50)
FNDA:0,(anonymous_51)
FNDA:0,(anonymous_52)
FNDA:0,(anonymous_53)
FNDA:0,(anonymous_54)
FNDA:0,(anonymous_55)
FNDA:0,(anonymous_56)
FNDA:0,(anonymous_57)
FNDA:0,(anonymous_58)
FNDA:0,(anonymous_59)
FNDA:0,(anonymous_60)
FNDA:0,(anonymous_61)
FNDA:0,(anonymous_62)
FNDA:0,(anonymous_63)
FNDA:0,(anonymous_64)
FNDA:0,(anonymous_65)
FNDA:0,(anonymous_66)
FNDA:0,(anonymous_67)
FNDA:0,(anonymous_68)
FNDA:0,(anonymous_69)
FNDA:1,(anonymous_70)
FNDA:1,(anonymous_71)
FNDA:1,(anonymous_72)
FNDA:1,(anonymous_73)
FNDA:0,(anonymous_74)
FNDA:0,(anonymous_75)
FNDA:0,(anonymous_76)
FNDA:0,(anonymous_77)
FNDA:0,(anonymous_78)
FNDA:0,(anonymous_79)
FNDA:0,(anonymous_80)
FNDA:0,(anonymous_81)
FNDA:0,(anonymous_82)
FNDA:0,(anonymous_83)
FNDA:0,(anonymous_84)
FNDA:1,(anonymous_85)
DA:7,1
DA:8,1
DA:9,1
DA:10,1
DA:11,1
DA:14,1
DA:16,1
DA:33,1
DA:37,1
DA:39,1
DA:43,1
DA:52,0
DA:53,0
DA:54,0
DA:57,1
DA:59,1
DA:60,1
DA:63,1
DA:67,1
DA:71,1
DA:79,1
DA:92,1
DA:103,1
DA:113,1
DA:124,1
DA:131,1
DA:139,1
DA:156,1
DA:157,1
DA:158,1
DA:159,1
DA:161,0
DA:164,0
DA:168,1
DA:170,1
DA:171,7
DA:172,7
DA:173,7
DA:174,7
DA:176,7
DA:178,0
DA:179,0
DA:182,0
DA:183,0
DA:189,1
DA:190,1
DA:191,1
DA:192,1
DA:193,0
DA:194,0
DA:196,1
DA:197,1
DA:203,1
DA:204,1
DA:205,1
DA:206,1
DA:207,1
DA:208,1
DA:209,1
DA:210,1
DA:212,0
DA:218,0
DA:222,0
DA:226,0
DA:227,0
DA:228,0
DA:229,0
DA:233,0
DA:234,0
DA:236,0
DA:243,0
DA:244,0
DA:245,0
DA:247,0
DA:248,0
DA:249,0
DA:250,0
DA:252,0
DA:253,0
DA:254,0
DA:255,0
DA:258,0
DA:265,1
DA:266,1
DA:267,1
DA:271,0
DA:275,1
DA:277,1
DA:278,1
DA:279,0
DA:281,1
DA:282,1
DA:284,1
DA:285,0
DA:286,0
DA:287,0
DA:289,0
DA:293,1
DA:299,0
DA:306,0
DA:310,0
DA:311,0
DA:312,0
DA:313,0
DA:314,0
DA:319,1
DA:321,1
DA:323,1
DA:324,0
DA:325,0
DA:326,0
DA:328,0
DA:332,0
DA:333,0
DA:334,0
DA:335,0
DA:336,0
DA:337,0
DA:338,0
DA:339,0
DA:340,0
DA:341,0
DA:343,0
DA:344,0
DA:345,0
DA:347,0
DA:349,0
DA:350,0
DA:352,0
DA:353,0
DA:359,1
DA:360,0
DA:361,0
DA:365,0
DA:366,0
DA:367,0
DA:369,0
DA:370,0
DA:374,0
DA:375,0
DA:377,0
DA:386,1
DA:387,1
DA:390,1
DA:391,0
DA:393,1
DA:399,1
DA:400,1
DA:401,1
DA:402,1
DA:403,1
DA:404,1
DA:405,1
DA:406,1
DA:408,0
DA:409,0
DA:414,1
DA:415,1
DA:416,1
DA:419,1
DA:420,1
DA:422,0
DA:428,1
DA:429,0
DA:433,0
DA:434,0
DA:437,0
DA:440,0
DA:441,0
DA:442,0
DA:443,0
DA:445,0
DA:450,1
DA:451,0
DA:455,0
DA:471,0
DA:472,0
DA:473,0
DA:474,0
DA:476,0
DA:481,1
DA:482,0
DA:484,0
DA:509,0
DA:510,0
DA:511,0
DA:512,0
DA:514,0
DA:519,1
DA:520,0
DA:523,0
DA:547,0
DA:548,0
DA:549,0
DA:550,0
DA:552,0
DA:557,1
DA:558,0
DA:559,0
DA:560,0
DA:561,0
DA:564,0
DA:566,0
DA:568,0
DA:569,0
DA:574,1
DA:575,0
DA:576,0
DA:577,0
DA:578,0
DA:579,0
DA:580,0
DA:584,0
DA:587,0
DA:591,0
DA:592,0
DA:593,0
DA:599,1
DA:600,0
DA:601,0
DA:602,0
DA:603,0
DA:608,0
DA:610,0
DA:611,0
DA:612,0
DA:613,0
DA:618,1
DA:619,0
DA:620,0
DA:624,0
DA:626,0
DA:627,0
DA:628,0
DA:629,0
DA:630,0
DA:631,0
DA:632,0
DA:634,0
DA:638,0
DA:643,1
DA:644,0
DA:645,0
DA:646,0
DA:648,0
DA:649,0
DA:650,0
DA:651,0
DA:652,0
DA:654,0
DA:656,0
DA:657,0
DA:658,0
DA:659,0
DA:660,0
DA:662,0
DA:667,0
DA:668,0
DA:669,0
DA:670,0
DA:671,0
DA:673,0
DA:682,1
DA:683,0
DA:684,0
DA:685,0
DA:687,0
DA:688,0
DA:689,0
DA:690,0
DA:691,0
DA:693,0
DA:695,0
DA:696,0
DA:697,0
DA:698,0
DA:699,0
DA:701,0
DA:706,0
DA:707,0
DA:708,0
DA:709,0
DA:710,0
DA:712,0
DA:720,1
DA:721,1
DA:723,1
DA:725,1
DA:726,1
DA:727,0
DA:728,0
DA:730,1
DA:735,1
DA:736,1
DA:753,1
DA:754,1
DA:755,0
DA:756,0
DA:758,1
DA:759,1
DA:761,0
DA:762,0
DA:763,0
DA:764,0
DA:765,0
DA:767,0
DA:776,1
DA:777,0
DA:778,0
DA:779,0
DA:780,0
DA:781,0
DA:782,0
DA:783,0
DA:784,0
DA:785,0
DA:787,0
DA:788,0
DA:789,0
DA:790,0
DA:791,0
DA:792,0
DA:793,0
DA:794,0
DA:796,0
DA:797,0
DA:798,0
DA:799,0
DA:804,0
DA:806,0
DA:807,0
DA:813,1
DA:814,0
DA:815,0
DA:816,0
DA:838,0
DA:839,0
DA:840,0
DA:841,0
DA:843,0
DA:849,1
DA:850,1
DA:853,1
LF:343
LH:107
BRDA:54,0,0,0
BRDA:54,0,1,0
BRDA:60,1,0,0
BRDA:60,1,1,1
BRDA:157,2,0,1
BRDA:157,2,1,0
BRDA:158,3,0,1
BRDA:158,3,1,0
BRDA:173,4,0,7
BRDA:173,4,1,0
BRDA:174,5,0,7
BRDA:174,5,1,0
BRDA:192,6,0,0
BRDA:192,6,1,1
BRDA:228,7,0,0
BRDA:228,7,1,0
BRDA:233,8,0,0
BRDA:233,8,1,0
BRDA:248,9,0,0
BRDA:248,9,1,0
BRDA:254,10,0,0
BRDA:254,10,1,0
BRDA:266,11,0,1
BRDA:266,11,1,0
BRDA:267,12,0,1
BRDA:267,12,1,0
BRDA:278,13,0,0
BRDA:278,13,1,1
BRDA:284,14,0,0
BRDA:284,14,1,1
BRDA:286,15,0,0
BRDA:286,15,1,0
BRDA:313,16,0,0
BRDA:313,16,1,0
BRDA:325,17,0,0
BRDA:325,17,1,0
BRDA:333,18,0,0
BRDA:333,18,1,0
BRDA:365,19,0,0
BRDA:365,19,1,0
BRDA:374,20,0,0
BRDA:374,20,1,0
BRDA:390,21,0,0
BRDA:390,21,1,1
BRDA:404,22,0,1
BRDA:404,22,1,0
BRDA:419,23,0,1
BRDA:419,23,1,0
BRDA:433,24,0,0
BRDA:433,24,1,0
BRDA:441,25,0,0
BRDA:441,25,1,0
BRDA:472,26,0,0
BRDA:472,26,1,0
BRDA:510,27,0,0
BRDA:510,27,1,0
BRDA:548,28,0,0
BRDA:548,28,1,0
BRDA:591,29,0,0
BRDA:591,29,1,0
BRDA:611,30,0,0
BRDA:611,30,1,0
BRDA:627,31,0,0
BRDA:627,31,1,0
BRDA:630,32,0,0
BRDA:630,32,1,0
BRDA:650,33,0,0
BRDA:650,33,1,0
BRDA:654,34,0,0
BRDA:654,34,1,0
BRDA:658,35,0,0
BRDA:658,35,1,0
BRDA:669,36,0,0
BRDA:669,36,1,0
BRDA:689,37,0,0
BRDA:689,37,1,0
BRDA:693,38,0,0
BRDA:693,38,1,0
BRDA:697,39,0,0
BRDA:697,39,1,0
BRDA:708,40,0,0
BRDA:708,40,1,0
BRDA:726,41,0,0
BRDA:726,41,1,1
BRDA:754,42,0,0
BRDA:754,42,1,1
BRDA:758,43,0,1
BRDA:758,43,1,0
BRDA:763,44,0,0
BRDA:763,44,1,0
BRDA:783,45,0,0
BRDA:783,45,1,0
BRDA:792,46,0,0
BRDA:792,46,1,0
BRDA:839,47,0,0
BRDA:839,47,1,0
BRF:96
BRH:16
end_of_record
